<?xml version="1.0" encoding="UTF-8"?>
<!-- Generated by org.testng.reporters.JUnitReportReporter -->
<testsuite hostname="DESKTOP-EGQT12M" failures="0" tests="1" name="Sample.Google" time="7.883" errors="0" timestamp="2024-11-28T15:05:28 IST" skipped="0">
  <testcase classname="Sample.Google" name="launchGoogle" time="7.883"/>
</testsuite> <!-- Sample.Google -->
