<?xml version="1.0" encoding="UTF-8"?>
<!-- Generated by org.testng.reporters.JUnitReportReporter -->
<testsuite hostname="DESKTOP-EGQT12M" failures="0" tests="1" name="Sample.Google" time="5.477" errors="0" timestamp="2024-11-27T17:20:49 IST" skipped="0">
  <testcase classname="Sample.Google" name="launchGoogle" time="5.477"/>
</testsuite> <!-- Sample.Google -->
